python3.6: can't open file '/opt/testmanage/WebDevelop/Flask/SsjApiPlat2/run.py': [Errno 2] No such file or directory
数据库连接成功
查找标签成功！共找到 6 个
查看所有博客
查找博客成功!共查找到 4 篇博客
查找标签成功！共找到 6 个
查看所有博客
查找博客成功!共查找到 4 篇博客
查看所有博客
查找博客成功!共查找到 4 篇博客
35
查看 id 为 35 的博客!
查找成功
查找标签成功！共找到 6 个
查找标签成功！共找到 6 个
查看所有博客
查找博客成功!共查找到 4 篇博客
查找标签成功！共找到 6 个
查看所有博客
查找博客成功!共查找到 4 篇博客
查找标签成功！共找到 6 个
查看所有博客
查找博客成功!共查找到 4 篇博客
查找标签成功！共找到 6 个
查找标签成功！共找到 6 个
查看所有博客
查找博客成功!共查找到 4 篇博客
35
查看 id 为 35 的博客!
查找成功
查找标签成功！共找到 6 个
查看所有博客
查找博客成功!共查找到 4 篇博客
34
查看 id 为 34 的博客!
查找成功
查找标签成功！共找到 6 个
查看所有博客
查找博客成功!共查找到 4 篇博客
查找标签成功！共找到 6 个
查看所有博客
查找博客成功!共查找到 4 篇博客
查找标签成功！共找到 6 个
查找标签成功！共找到 6 个
查看所有博客
查找博客成功!共查找到 4 篇博客
查找标签成功！共找到 6 个
查看所有博客
查找博客成功!共查找到 4 篇博客
查找标签成功！共找到 6 个
查看所有博客
查找博客成功!共查找到 4 篇博客
查找标签成功！共找到 6 个
查看所有博客
查找博客成功!共查找到 4 篇博客
查找标签成功！共找到 6 个
查看所有博客
查找博客成功!共查找到 4 篇博客
查看所有博客
查找博客成功!共查找到 4 篇博客
查找标签成功！共找到 6 个
查看所有博客
查找博客成功!共查找到 4 篇博客
查找标签成功！共找到 6 个
查看所有博客
查找博客成功!共查找到 4 篇博客
查找标签成功！共找到 6 个
查看所有博客
查找博客成功!共查找到 4 篇博客
查找标签成功！共找到 6 个
查看所有博客
查找博客成功!共查找到 4 篇博客
查找标签成功！共找到 6 个
查找标签成功！共找到 6 个
查看所有博客
查找博客成功!共查找到 4 篇博客
查找标签成功！共找到 6 个
查看所有博客
查找博客成功!共查找到 4 篇博客
查找标签成功！共找到 6 个
查看所有博客
查找博客成功!共查找到 4 篇博客
查找标签成功！共找到 6 个
查看所有博客
查找博客成功!共查找到 4 篇博客
34
查看 id 为 34 的博客!
查找成功
查找标签成功！共找到 6 个
查看所有博客
查找博客成功!共查找到 4 篇博客
查找标签成功！共找到 6 个
查看所有博客
查找博客成功!共查找到 4 篇博客
查找标签成功！共找到 6 个
查看所有博客
查找博客成功!共查找到 4 篇博客
新增博客
插入博客成功!
博客插入成功
查看所有博客
查找博客成功!共查找到 5 篇博客
37
查看 id 为 37 的博客!
查找成功
查找标签成功！共找到 6 个
查看所有博客
查找博客成功!共查找到 6 篇博客
查看所有博客
查找博客成功!共查找到 6 篇博客
查找标签成功！共找到 6 个
查看所有博客
查找博客成功!共查找到 6 篇博客
查找标签成功！共找到 6 个
查看所有博客
查找博客成功!共查找到 6 篇博客
查找标签成功！共找到 6 个
查看所有博客
查找博客成功!共查找到 6 篇博客
4
查看 id 为 4 的博客!
查找到的博客不只是有一条， 实际有 0 条
32
查看 id 为 32 的博客!
查找到的博客不只是有一条， 实际有 0 条
36
查看 id 为 36 的博客!
查找成功
查找标签成功！共找到 6 个
查看所有博客
查找博客成功!共查找到 6 篇博客
查找标签成功！共找到 6 个
查看所有博客
查找博客成功!共查找到 6 篇博客
查看所有博客
查找博客成功!共查找到 6 篇博客
查看所有博客
查terminate called after throwing an instance of 'std::invalid_argument'
  what():  stoi
博客成功!共查找到 6 篇博客
查看所有博客
查找博客成功!共查找到 0 篇博客
查看所有博客
查找博客成功!共查找到 4 篇博客
查看所有博客
查找博客成功!共查找到 0 篇博客
查找标签成功！共找到 6 个
查看所有博客
查找博客成功!共查找到 6 篇博客
查看所有博客
terminate called after throwing an instance of 'std::invalid_argument'
  what():  stoi
数据库连接成功
34
查看 id 为 34 的博客!
查找成功
查找标签成功！共找到 6 个
查看所有博客
查找博客成功!共查找到 4 篇博客
查找标签成功！共找到 6 个
查看所有博客
查找博客成功!共查找到 4 篇博客
查找标签成功！共找到 6 个
查看所有博客
查找博客成功!共查找到 4 篇博客
查找标签成功！共找到 6 个
查看所有博客
查找博客成功!共查找到 4 篇博客
查看所有博客
查找博客成功!共查找到 4 篇博客
查找标签成功！共找到 6 个
查找标签成功！共找到 6 个
查看所有博客
查找博客成功!共查找到 4 篇博客
查看所有博客
查找博客成功!共查找到 4 篇博客
查找标签成功！共找到 6 个
查找标签成功！共找到 6 个
查看所有博客
查找博客成功!共查找到 4 篇博客
查看所有博客
查找博客成功!共查找到 4 篇博客
查找标签成功！共找到 6 个
查看所有博客
查找博客成功!共查找到 4 篇博客
查找标签成功！共找到 6 个
查看所有博客
查找博客成功!共查找到 4 篇博客
查找标签成功！共找到 6 个
查看所有博客
查找博客成功!共查找到 4 篇博客
0
查看 id 为 0 的博客!
查找成功
查找标签成功！共找到 6 个
查看所有博客
查找博客成功!共查找到 4 篇博客
查找标签成功！共找到 6 个
查看所有博客
查找博客成功!共查找到 4 篇博客
查找标签成功！共找到 6 个
查看所有博客
查找博客成功!共查找到 4 篇博客
35
查看 id 为 35 的博客!
查找成功
查找标签成功！共找到 6 个
查看所有博客
查找博客成功!共查找到 4 篇博客
36
查看 id 为 36 的博客!
查找成功
查找标签成功！共找到 6 个
查看所有博客
查找博客成功!共查找到 4 篇博客
查找标签成功！共找到 6 个
查看所有博客
查找博客成功!共查找到 4 篇博客
查找标签成功！共找到 6 个
查看所有博客
查找博客成功!共查找到 4 篇博客
查找标签成功！共找到 6 个
查看所有博客
查找博客成功!共查找到 4 篇博客
0
查看 id 为 0 的博客!
查找成功
0
查看 id 为 0 的博客!
查找成功
新增博客
插入博客成功!
博客插入成功
查看所有博客
查找博客成功!共查找到 6 篇博客
查找标签成功！共找到 6 个
查看所有博客
查找博客成功!共查找到 6 篇博客
38
查看 id 为 38 的博客!
查找成功
查找标签成功！共找到 6 个
查看所有博客
查找博客成功!共查找到 6 篇博客
查找标签成功！共找到 6 个
查找标签成功！共找到 6 个
查看所有博客
查找博客成功!共查找到 6 篇博客
3
查看 id 为 3 的博客!
查找到的博客不只是有一条， 实际有 0 条
查找标签成功！共找到 6 个
查看所有博客
查找博客成功!共查找到 6 篇博客
查看所有博客
查找博客成功!共查找到 4 篇博客
查看所有博客
